<?xml version="1.0" encoding="UTF-8"?>
<testsuite xmlns:xsi="http://www.w3.org/2001/XMLSchema-instance" xsi:noNamespaceSchemaLocation="https://maven.apache.org/surefire/maven-surefire-plugin/xsd/surefire-test-report.xsd" version="3.0.2" name="com.icredit2.be.api.controller.AuthControllerTest" time="3.938" tests="5" errors="0" skipped="0" failures="1">
  <properties>
[...]
</properties>
  <testcase name="shouldRegisterCompanySuccessfully" classname="com.icredit2.be.api.controller.AuthControllerTest" time="0.402">
    <failure message="JSON path &quot;$.tokens.access_token&quot;&#10;Expected: is &quot;access-token&quot;&#10;     but: was &quot;access-token1&quot;" type="java.lang.AssertionError"><![CDATA[java.lang.AssertionError: 
JSON path "$.tokens.access_token"
Expected: is "access-token"
     but: was "access-token1"
	at org.hamcrest.MatcherAssert.assertThat(MatcherAssert.java:20)
	at org.springframework.test.util.JsonPathExpectationsHelper.assertValue(JsonPathExpectationsHelper.java:107)
	at org.springframework.test.web.servlet.result.JsonPathResultMatchers.lambda$value$0(JsonPathResultMatchers.java:88)
	at org.springframework.test.web.servlet.MockMvc$1.andExpect(MockMvc.java:214)
	at com.icredit2.be.api.controller.AuthControllerTest.shouldRegisterCompanySuccessfully(AuthControllerTest.java:79)
	at java.base/java.lang.reflect.Method.invoke(Method.java:580)
	at java.base/java.util.ArrayList.forEach(ArrayList.java:1596)
	at java.base/java.util.ArrayList.forEach(ArrayList.java:1596)
]]></failure>
    <system-out><![CDATA[16:34:57.609 [main] INFO org.springframework.test.context.support.AnnotationConfigContextLoaderUtils -- Could not detect default configuration classes for test class [com.icredit2.be.api.controller.AuthControllerTest]: AuthControllerTest does not declare any static, non-private, non-final, nested classes annotated with @Configuration.
16:34:57.726 [main] INFO org.springframework.boot.test.context.SpringBootTestContextBootstrapper -- Found @SpringBootConfiguration com.icredit2.be.ICredit2BeApplication for test class com.icredit2.be.api.controller.AuthControllerTest

  .   ____          _            __ _ _
 /\\ / ___'_ __ _ _(_)_ __  __ _ \ \ \ \
( ( )\___ | '_ | '_| | '_ \/ _` | \ \ \ \
 \\/  ___)| |_)| | | | | || (_| |  ) ) ) )
  '  |____| .__|_| |_|_| |_\__, | / / / /
 =========|_|==============|___/=/_/_/_/

 :: Spring Boot ::                (v3.4.0)

2025-12-12T16:34:58.067-05:00  INFO 3172 --- [icredit2-be] [           main] c.i.b.api.controller.AuthControllerTest  : Starting AuthControllerTest using Java 21.0.8 with PID 3172 (started by Lenovo in C:\Users\Lenovo\Documents\Proyectos\iCredit_v2.0\icredit2-be)
2025-12-12T16:34:58.068-05:00  INFO 3172 --- [icredit2-be] [           main] c.i.b.api.controller.AuthControllerTest  : No active profile set, falling back to 1 default profile: "default"
2025-12-12T16:35:00.592-05:00  INFO 3172 --- [icredit2-be] [           main] r$InitializeUserDetailsManagerConfigurer : Global AuthenticationManager configured with UserDetailsService bean with name inMemoryUserDetailsManager
2025-12-12T16:35:00.865-05:00  INFO 3172 --- [icredit2-be] [           main] o.s.b.t.m.w.SpringBootMockServletContext : Initializing Spring TestDispatcherServlet ''
2025-12-12T16:35:00.865-05:00  INFO 3172 --- [icredit2-be] [           main] o.s.t.web.servlet.TestDispatcherServlet  : Initializing Servlet ''
2025-12-12T16:35:00.866-05:00  INFO 3172 --- [icredit2-be] [           main] o.s.t.web.servlet.TestDispatcherServlet  : Completed initialization in 1 ms
2025-12-12T16:35:00.901-05:00  INFO 3172 --- [icredit2-be] [           main] c.i.b.api.controller.AuthControllerTest  : Started AuthControllerTest in 3.113 seconds (process running for 3.815)

MockHttpServletRequest:
      HTTP Method = POST
      Request URI = /v1/companies/register
       Parameters = {_csrf=[5pV_7opSABJgJnjKlFDFgvdyqX2YpZrdNTzhOUnAJvfNDL-ZgvFO3-xkMXFNFxzzpX3xtsNDhBygxK_wAAzSAS33EsH-NYqq]}
          Headers = [Content-Type:"application/json", Content-Length:"109"]
             Body = <no character encoding set>
    Session Attrs = {}

Handler:
             Type = com.icredit2.be.api.controller.AuthController
           Method = com.icredit2.be.api.controller.AuthController#registerCompany(CompanyRegistrationRequest)

Async:
    Async started = false
     Async result = null

Resolved Exception:
             Type = null

ModelAndView:
        View name = null
             View = null
            Model = null

FlashMap:
       Attributes = null

MockHttpServletResponse:
           Status = 201
    Error message = null
          Headers = [Content-Type:"application/json"]
     Content type = application/json
             Body = {"company":{"id":"30fc99f1-4ba8-45cf-8fcd-845635e8ad2b","name":"Test Company","created_at":"2025-12-12T16:35:00.9522852"},"owner":{"id":"f9731500-5e5f-4725-b53e-a4f54e2ff4d1","company_id":"30fc99f1-4ba8-45cf-8fcd-845635e8ad2b","email":"test@example.com","display_name":"Test User","is_verified":true,"roles":["admin"],"created_at":"2025-12-12T16:35:00.9522852"},"tokens":{"access_token":"access-token1","expires_in":3600,"refresh_token":"refresh-token"}}
    Forwarded URL = null
   Redirected URL = null
          Cookies = []
]]></system-out>
    <system-err><![CDATA[Mockito is currently self-attaching to enable the inline-mock-maker. This will no longer work in future releases of the JDK. Please add Mockito as an agent to your build what is described in Mockito's documentation: https://javadoc.io/doc/org.mockito/mockito-core/latest/org/mockito/Mockito.html#0.3
WARNING: A Java agent has been loaded dynamically (C:\Users\Lenovo\.m2\repository\net\bytebuddy\byte-buddy-agent\1.15.10\byte-buddy-agent-1.15.10.jar)
WARNING: If a serviceability tool is in use, please run with -XX:+EnableDynamicAgentLoading to hide this warning
WARNING: If a serviceability tool is not in use, please run with -Djdk.instrument.traceUsage for more information
WARNING: Dynamic loading of agents will be disallowed by default in a future release
]]></system-err>
  </testcase>
  <testcase name="shouldReturnUnauthorizedWhenLoginFails" classname="com.icredit2.be.api.controller.AuthControllerTest" time="0.028"/>
  <testcase name="shouldLoginSuccessfully" classname="com.icredit2.be.api.controller.AuthControllerTest" time="0.008"/>
  <testcase name="shouldReturnConflictWhenRegistrationFails" classname="com.icredit2.be.api.controller.AuthControllerTest" time="0.007"/>
  <testcase name="shouldReturnBadRequestOnValidationError" classname="com.icredit2.be.api.controller.AuthControllerTest" time="0.04"/>
</testsuite>