<?xml version="1.0" encoding="UTF-8"?>
<testsuite xmlns:xsi="http://www.w3.org/2001/XMLSchema-instance" xsi:noNamespaceSchemaLocation="https://maven.apache.org/surefire/maven-surefire-plugin/xsd/surefire-test-report.xsd" version="3.0.2" name="com.icredit2.be.domain.repository.CompanyRepositoryTest" time="3.806" tests="7" errors="0" skipped="0" failures="0">
  <properties>
[...]
</properties>
  <testcase name="shouldFindCompanyByIdWhenExists" classname="com.icredit2.be.domain.repository.CompanyRepositoryTest" time="0.438">
    <system-out><![CDATA[16:12:54.272 [main] INFO org.springframework.test.context.support.AnnotationConfigContextLoaderUtils -- Could not detect default configuration classes for test class [com.icredit2.be.domain.repository.CompanyRepositoryTest]: CompanyRepositoryTest does not declare any static, non-private, non-final, nested classes annotated with @Configuration.
16:12:54.374 [main] INFO org.springframework.boot.test.context.SpringBootTestContextBootstrapper -- Found @SpringBootConfiguration com.icredit2.be.ICredit2BeApplication for test class com.icredit2.be.domain.repository.CompanyRepositoryTest

  .   ____          _            __ _ _
 /\\ / ___'_ __ _ _(_)_ __  __ _ \ \ \ \
( ( )\___ | '_ | '_| | '_ \/ _` | \ \ \ \
 \\/  ___)| |_)| | | | | || (_| |  ) ) ) )
  '  |____| .__|_| |_|_| |_\__, | / / / /
 =========|_|==============|___/=/_/_/_/

 :: Spring Boot ::                (v3.4.0)

2025-12-12T16:12:54.757-05:00  INFO 24484 --- [icredit2-be] [           main] c.i.b.d.r.CompanyRepositoryTest          : Starting CompanyRepositoryTest using Java 21.0.8 with PID 24484 (started by Lenovo in C:\Users\Lenovo\Documents\Proyectos\iCredit_v2.0\icredit2-be)
2025-12-12T16:12:54.757-05:00  INFO 24484 --- [icredit2-be] [           main] c.i.b.d.r.CompanyRepositoryTest          : No active profile set, falling back to 1 default profile: "default"
2025-12-12T16:12:55.213-05:00  INFO 24484 --- [icredit2-be] [           main] .s.d.r.c.RepositoryConfigurationDelegate : Bootstrapping Spring Data JPA repositories in DEFAULT mode.
2025-12-12T16:12:55.294-05:00  INFO 24484 --- [icredit2-be] [           main] .s.d.r.c.RepositoryConfigurationDelegate : Finished Spring Data repository scanning in 70 ms. Found 4 JPA repository interfaces.
2025-12-12T16:12:55.343-05:00  INFO 24484 --- [icredit2-be] [           main] beddedDataSourceBeanFactoryPostProcessor : Replacing 'dataSource' DataSource bean with embedded version
2025-12-12T16:12:55.478-05:00  INFO 24484 --- [icredit2-be] [           main] o.s.j.d.e.EmbeddedDatabaseFactory        : Starting embedded database: url='jdbc:h2:mem:94d341af-2530-4ad3-b5bb-268bb892c902;DB_CLOSE_DELAY=-1;DB_CLOSE_ON_EXIT=false', username='sa'
2025-12-12T16:12:55.706-05:00  INFO 24484 --- [icredit2-be] [           main] o.hibernate.jpa.internal.util.LogHelper  : HHH000204: Processing PersistenceUnitInfo [name: default]
2025-12-12T16:12:55.788-05:00  INFO 24484 --- [icredit2-be] [           main] org.hibernate.Version                    : HHH000412: Hibernate ORM core version 6.6.2.Final
2025-12-12T16:12:55.816-05:00  INFO 24484 --- [icredit2-be] [           main] o.h.c.internal.RegionFactoryInitiator    : HHH000026: Second-level cache disabled
2025-12-12T16:12:56.112-05:00  INFO 24484 --- [icredit2-be] [           main] o.s.o.j.p.SpringPersistenceUnitInfo      : No LoadTimeWeaver setup: ignoring JPA class transformer
2025-12-12T16:12:56.171-05:00  INFO 24484 --- [icredit2-be] [           main] org.hibernate.orm.connections.pooling    : HHH10001005: Database info:
	Database JDBC URL [Connecting through datasource 'org.springframework.jdbc.datasource.embedded.EmbeddedDatabaseFactory$EmbeddedDataSourceProxy@64bba0eb']
	Database driver: undefined/unknown
	Database version: 2.3.232
	Autocommit mode: undefined/unknown
	Isolation level: undefined/unknown
	Minimum pool size: undefined/unknown
	Maximum pool size: undefined/unknown
2025-12-12T16:12:56.853-05:00  INFO 24484 --- [icredit2-be] [           main] o.h.e.t.j.p.i.JtaPlatformInitiator       : HHH000489: No JTA platform available (set 'hibernate.transaction.jta.platform' to enable JTA platform integration)
Hibernate: 
    create table companies (
        id varchar(36) not null,
        created_at DATETIME,
        name varchar(255) not null,
        updated_at DATETIME,
        primary key (id)
    )
Hibernate: 
    create table refresh_tokens (
        id varchar(36) not null,
        expires_at DATETIME not null,
        revoked boolean not null,
        token_hash varchar(255) not null,
        user_id varchar(36) not null,
        primary key (id)
    )
Hibernate: 
    create table role_permissions (
        role_id varchar(36) not null,
        permission varchar(255)
    )
Hibernate: 
    create table roles (
        id varchar(36) not null,
        created_at DATETIME,
        name varchar(255) not null,
        company_id varchar(36) not null,
        primary key (id)
    )
Hibernate: 
    create table user_roles (
        user_id varchar(36) not null,
        role_id varchar(36) not null
    )
Hibernate: 
    create table users (
        id varchar(36) not null,
        created_at DATETIME,
        display_name varchar(255) not null,
        email varchar(255) not null,
        is_verified boolean not null,
        password_hash varchar(255) not null,
        company_id varchar(36) not null,
        primary key (id)
    )
Hibernate: 
    alter table if exists companies 
       drop constraint if exists UK50ygfritln653mnfhxucoy8up
Hibernate: 
    alter table if exists companies 
       add constraint UK50ygfritln653mnfhxucoy8up unique (name)
Hibernate: 
    alter table if exists users 
       drop constraint if exists UK6dotkott2kjsp8vw4d0m25fb7
Hibernate: 
    alter table if exists users 
       add constraint UK6dotkott2kjsp8vw4d0m25fb7 unique (email)
Hibernate: 
    alter table if exists refresh_tokens 
       add constraint FK1lih5y2npsf8u5o3vhdb9y0os 
       foreign key (user_id) 
       references users
Hibernate: 
    alter table if exists role_permissions 
       add constraint FKn5fotdgk8d1xvo8nav9uv3muc 
       foreign key (role_id) 
       references roles
Hibernate: 
    alter table if exists roles 
       add constraint FKcws3108ier5wt4b0df1l5ytcm 
       foreign key (company_id) 
       references companies
Hibernate: 
    alter table if exists user_roles 
       add constraint FKh8ciramu9cc9q3qcqiv4ue8a6 
       foreign key (role_id) 
       references roles
Hibernate: 
    alter table if exists user_roles 
       add constraint FKhfh9dx7w3ubf1co1vdev94g3f 
       foreign key (user_id) 
       references users
Hibernate: 
    alter table if exists users 
       add constraint FKin8gn4o1hpiwe6qe4ey7ykwq7 
       foreign key (company_id) 
       references companies
2025-12-12T16:12:56.909-05:00  INFO 24484 --- [icredit2-be] [           main] j.LocalContainerEntityManagerFactoryBean : Initialized JPA EntityManagerFactory for persistence unit 'default'
2025-12-12T16:12:57.341-05:00  INFO 24484 --- [icredit2-be] [           main] c.i.b.d.r.CompanyRepositoryTest          : Started CompanyRepositoryTest in 2.907 seconds (process running for 3.617)
Hibernate: 
    insert 
    into
        companies
        (created_at, name, updated_at, id) 
    values
        (?, ?, ?, ?)
]]></system-out>
    <system-err><![CDATA[Mockito is currently self-attaching to enable the inline-mock-maker. This will no longer work in future releases of the JDK. Please add Mockito as an agent to your build what is described in Mockito's documentation: https://javadoc.io/doc/org.mockito/mockito-core/latest/org/mockito/Mockito.html#0.3
WARNING: A Java agent has been loaded dynamically (C:\Users\Lenovo\.m2\repository\net\bytebuddy\byte-buddy-agent\1.15.10\byte-buddy-agent-1.15.10.jar)
WARNING: If a serviceability tool is in use, please run with -XX:+EnableDynamicAgentLoading to hide this warning
WARNING: If a serviceability tool is not in use, please run with -Djdk.instrument.traceUsage for more information
WARNING: Dynamic loading of agents will be disallowed by default in a future release
]]></system-err>
  </testcase>
  <testcase name="shouldReturnFalseWhenNameDoesNotExist" classname="com.icredit2.be.domain.repository.CompanyRepositoryTest" time="0.07">
    <system-out><![CDATA[Hibernate: 
    select
        c1_0.id 
    from
        companies c1_0 
    where
        c1_0.name=? 
    fetch
        first ? rows only
]]></system-out>
  </testcase>
  <testcase name="shouldReturnEmptyWhenIdDoesNotExist" classname="com.icredit2.be.domain.repository.CompanyRepositoryTest" time="0.016">
    <system-out><![CDATA[Hibernate: 
    select
        c1_0.id,
        c1_0.created_at,
        c1_0.name,
        c1_0.updated_at 
    from
        companies c1_0 
    where
        c1_0.id=?
]]></system-out>
  </testcase>
  <testcase name="shouldDeleteCompany" classname="com.icredit2.be.domain.repository.CompanyRepositoryTest" time="0.019">
    <system-out><![CDATA[Hibernate: 
    insert 
    into
        companies
        (created_at, name, updated_at, id) 
    values
        (?, ?, ?, ?)
Hibernate: 
    delete 
    from
        companies 
    where
        id=?
Hibernate: 
    select
        c1_0.id,
        c1_0.created_at,
        c1_0.name,
        c1_0.updated_at 
    from
        companies c1_0 
    where
        c1_0.id=?
]]></system-out>
  </testcase>
  <testcase name="shouldSaveCompanyAndGenerateId" classname="com.icredit2.be.domain.repository.CompanyRepositoryTest" time="0.012">
    <system-out><![CDATA[Hibernate: 
    insert 
    into
        companies
        (created_at, name, updated_at, id) 
    values
        (?, ?, ?, ?)
]]></system-out>
  </testcase>
  <testcase name="shouldReturnTrueWhenNameExists" classname="com.icredit2.be.domain.repository.CompanyRepositoryTest" time="0.009">
    <system-out><![CDATA[Hibernate: 
    insert 
    into
        companies
        (created_at, name, updated_at, id) 
    values
        (?, ?, ?, ?)
Hibernate: 
    select
        c1_0.id 
    from
        companies c1_0 
    where
        c1_0.name=? 
    fetch
        first ? rows only
]]></system-out>
  </testcase>
  <testcase name="shouldUpdateCompanyName" classname="com.icredit2.be.domain.repository.CompanyRepositoryTest" time="0.017">
    <system-out><![CDATA[Hibernate: 
    insert 
    into
        companies
        (created_at, name, updated_at, id) 
    values
        (?, ?, ?, ?)
Hibernate: 
    update
        companies 
    set
        created_at=?,
        name=?,
        updated_at=? 
    where
        id=?
Hibernate: 
    select
        c1_0.id,
        c1_0.created_at,
        c1_0.name,
        c1_0.updated_at 
    from
        companies c1_0 
    where
        c1_0.id=?
]]></system-out>
  </testcase>
</testsuite>