<?xml version="1.0" encoding="UTF-8"?>
<testsuite xmlns:xsi="http://www.w3.org/2001/XMLSchema-instance" xsi:noNamespaceSchemaLocation="https://maven.apache.org/surefire/maven-surefire-plugin/xsd/surefire-test-report.xsd" version="3.0.2" name="com.icredit2.be.api.controller.CityControllerTest" time="0.746" tests="11" errors="0" skipped="0" failures="0">
  <properties>
[...]
</properties>
  <testcase name="shouldReturnConflictWhenCreateCityAlreadyExists" classname="com.icredit2.be.api.controller.CityControllerTest" time="0.023">
    <system-out><![CDATA[2025-12-15T20:02:45.999-05:00  INFO 13904 --- [icredit2-be] [           main] t.c.s.AnnotationConfigContextLoaderUtils : Could not detect default configuration classes for test class [com.icredit2.be.api.controller.CityControllerTest]: CityControllerTest does not declare any static, non-private, non-final, nested classes annotated with @Configuration.
2025-12-15T20:02:46.015-05:00  INFO 13904 --- [icredit2-be] [           main] .b.t.c.SpringBootTestContextBootstrapper : Found @SpringBootConfiguration com.icredit2.be.ICredit2BeApplication for test class com.icredit2.be.api.controller.CityControllerTest

  .   ____          _            __ _ _
 /\\ / ___'_ __ _ _(_)_ __  __ _ \ \ \ \
( ( )\___ | '_ | '_| | '_ \/ _` | \ \ \ \
 \\/  ___)| |_)| | | | | || (_| |  ) ) ) )
  '  |____| .__|_| |_|_| |_\__, | / / / /
 =========|_|==============|___/=/_/_/_/

 :: Spring Boot ::                (v3.4.0)

2025-12-15T20:02:46.086-05:00  INFO 13904 --- [icredit2-be] [           main] c.i.b.api.controller.CityControllerTest  : Starting CityControllerTest using Java 21.0.8 with PID 13904 (started by Lenovo in C:\Users\Lenovo\Documents\Proyectos\iCredit_v2.0\icredit2-be)
2025-12-15T20:02:46.086-05:00  INFO 13904 --- [icredit2-be] [           main] c.i.b.api.controller.CityControllerTest  : No active profile set, falling back to 1 default profile: "default"
2025-12-15T20:02:46.547-05:00  INFO 13904 --- [icredit2-be] [           main] r$InitializeUserDetailsManagerConfigurer : Global AuthenticationManager configured with UserDetailsService bean with name inMemoryUserDetailsManager
2025-12-15T20:02:46.571-05:00  INFO 13904 --- [icredit2-be] [           main] o.s.b.t.m.w.SpringBootMockServletContext : Initializing Spring TestDispatcherServlet ''
2025-12-15T20:02:46.571-05:00  INFO 13904 --- [icredit2-be] [           main] o.s.t.web.servlet.TestDispatcherServlet  : Initializing Servlet ''
2025-12-15T20:02:46.571-05:00  INFO 13904 --- [icredit2-be] [           main] o.s.t.web.servlet.TestDispatcherServlet  : Completed initialization in 0 ms
2025-12-15T20:02:46.583-05:00  INFO 13904 --- [icredit2-be] [           main] c.i.b.api.controller.CityControllerTest  : Started CityControllerTest in 0.565 seconds (process running for 9.235)
]]></system-out>
  </testcase>
  <testcase name="shouldReturnBadRequestWhenCreateRequestIsInvalid" classname="com.icredit2.be.api.controller.CityControllerTest" time="0.008"/>
  <testcase name="shouldReturnListOfCitiesWhenCitiesExist" classname="com.icredit2.be.api.controller.CityControllerTest" time="0.028"/>
  <testcase name="shouldCreateCityWhenRequestIsValid" classname="com.icredit2.be.api.controller.CityControllerTest" time="0.011"/>
  <testcase name="shouldReturnNotFoundWhenIdDoesNotExist" classname="com.icredit2.be.api.controller.CityControllerTest" time="0.007"/>
  <testcase name="shouldReturnCityWhenIdExists" classname="com.icredit2.be.api.controller.CityControllerTest" time="0.011"/>
  <testcase name="shouldReturnBadRequestWhenIdIsInvalid" classname="com.icredit2.be.api.controller.CityControllerTest" time="0.011"/>
  <testcase name="shouldReturnNotFoundWhenDeleteNonExistentCity" classname="com.icredit2.be.api.controller.CityControllerTest" time="0.009"/>
  <testcase name="shouldDeleteCityWhenIdExists" classname="com.icredit2.be.api.controller.CityControllerTest" time="0.007"/>
  <testcase name="shouldUpdateCityWhenRequestIsValid" classname="com.icredit2.be.api.controller.CityControllerTest" time="0.008"/>
  <testcase name="shouldReturnNotFoundWhenUpdateNonExistentCity" classname="com.icredit2.be.api.controller.CityControllerTest" time="0.009"/>
</testsuite>